[LOG] System::create                           : Header version = 2.00.08. Current version = 2.00.08.
[LOG] Manager::init                            : maxchannels = 256 studioflags = 00000006 flags 00000000 extradriverdata 0x0.
[LOG] SystemI::init                            : Initialize version=20008 (108014), maxchannels=256, flags=0x00020000
[LOG] SystemI::setOutputInternal               : Setting output to 'FMOD Core Audio Output'
[LOG] OutputCoreAudio::init                    : Output running 2 channels at 44100Hz sample rate.
[LOG] OutputCoreAudio::init                    : Maximum hardware read size: 512 samples, Software buffer size: 512 samples, Number of software buffers: 4.
[WRN] SystemI::init                            : Output requires a sample rate of 44100Hz, resampling will occur.
[LOG] Thread::initThread                       : Init FMOD stream thread. Priority: 2, Stack Size: 98304, Semaphore: No, Sleep Time: 10, Looping: Yes.
[LOG] Thread::initThread                       : Init FMOD mixer thread. Priority: 3, Stack Size: 81920, Semaphore: Yes, Sleep Time: 0, Looping: Yes.
[LOG] AsyncManager::init                       : manager 0x7fbb2dc9c008 isAsync 0 updatePeriod 0.02
[LOG] AsyncManager::init                       : done
[LOG] PlaybackSystem::init                     : 
[LOG] Thread::initThread                       : Init FMOD Studio sample load thread. Priority: 0, Stack Size: 98304, Semaphore: No, Sleep Time: 1, Looping: No.
[LOG] PlaybackSystem::init                     : done
[LOG] Thread::initThread                       : Init FMOD Studio bank load thread. Priority: 0, Stack Size: 98304, Semaphore: No, Sleep Time: 1, Looping: No.
[LOG] Manager::init                            : done.
[LOG] Manager::readBank                        : fileversion = 125, compatVersion = 119 (oldest = 44, newest = 125)
[LOG] Manager::readBank                        : fileversion = 125, compatVersion = 119 (oldest = 44, newest = 125)
[LOG] Manager::readBank                        : fileversion = 125, compatVersion = 119 (oldest = 44, newest = 125)
[LOG] PlaybackSystem::acquireMasterBus         : Setting master channel group format to 6
[LOG] SoundI::release                          : Message Sound (0x7fbb2bc749e8)
[LOG] SoundI::release                          :     Message Sound (0x7fbb2d04a6e8)
[LOG] SoundI::release                          :     Message Sound (0x7fbb2d02cda8)
[LOG] SystemI::createSoundInternal             : Create name='', mode=0x02000202
[LOG] SystemI::createSoundInternal             : exinfo->cbsize             = 224
[LOG] SystemI::createSoundInternal             : exinfo->length             = 6989088
[LOG] SystemI::createSoundInternal             : exinfo->fileoffset         = 61152
[LOG] SystemI::createSoundInternal             : exinfo->numsubsounds       = 1
[LOG] SystemI::createSoundInternal             : exinfo->inclusionlist      = 0x700003d1a8ac
[LOG] SystemI::createSoundInternal             : exinfo->inclusionlistnum   = 1
[LOG] SystemI::createSoundInternal             : exinfo->suggestedsoundtype = 5
[LOG] SystemI::createSoundInternal             : exinfo->useropen           = 0x15e22b8a0
[LOG] SystemI::createSoundInternal             : exinfo->userclose          = 0x15e22b957
[LOG] SystemI::createSoundInternal             : exinfo->userread           = 0x15e22b984
[LOG] SystemI::createSoundInternal             : exinfo->userseek           = 0x15e22ba26
[LOG] SystemI::createSoundInternal             : exinfo->fileuserdata       = 0x7fbb2d0b2178
[LOG] SystemI::createSoundInternal             : exinfo->initialseekpostype = 1
[LOG] SystemI::DSPCodecPoolRegister            : register codec pool for pool type 5
[LOG] SystemI::createSoundInternal             : Sample 0/1: name='snd_explode', format=2, channels=2, frequency=48000, lengthbytes=25504, lengthpcm=96000, pcmblocksize=0, loopstart=0, loopend=0, mode=0x00000000, channelmask=0x00000000, channelorder=0, peakvolume=0.999969.
[LOG] SystemI::createSoundInternal             : Create name='', mode=0x02000202
[LOG] SystemI::createSoundInternal             : exinfo->cbsize             = 224
[LOG] SystemI::createSoundInternal             : exinfo->length             = 6989088
[LOG] SystemI::createSoundInternal             : exinfo->fileoffset         = 61152
[LOG] SystemI::createSoundInternal             : exinfo->numsubsounds       = 1
[LOG] SystemI::createSoundInternal             : exinfo->inclusionlist      = 0x700003d1a8ac
[LOG] SystemI::createSoundInternal             : exinfo->inclusionlistnum   = 1
[LOG] SystemI::createSoundInternal             : exinfo->suggestedsoundtype = 5
[LOG] SystemI::createSoundInternal             : exinfo->useropen           = 0x15e22b8a0
[LOG] SystemI::createSoundInternal             : exinfo->userclose          = 0x15e22b957
[LOG] SystemI::createSoundInternal             : exinfo->userread           = 0x15e22b984
[LOG] SystemI::createSoundInternal             : exinfo->userseek           = 0x15e22ba26
[LOG] SystemI::createSoundInternal             : exinfo->fileuserdata       = 0x7fbb2d0b2178
[LOG] SystemI::createSoundInternal             : exinfo->initialseekpostype = 1
[LOG] SystemI::DSPCodecPoolRegister            : register codec pool for pool type 5
[LOG] SystemI::createSoundInternal             : Sample 0/1: name='4WG_SD_Ricochet', format=2, channels=2, frequency=48000, lengthbytes=7808, lengthpcm=20000, pcmblocksize=0, loopstart=0, loopend=0, mode=0x00000000, channelmask=0x00000000, channelorder=0, peakvolume=0.415161.
[LOG] SystemI::createSoundInternal             : Create name='', mode=0x02000202
[LOG] SystemI::createSoundInternal             : exinfo->cbsize             = 224
[LOG] SystemI::createSoundInternal             : exinfo->length             = 6989088
[LOG] SystemI::createSoundInternal             : exinfo->fileoffset         = 61152
[LOG] SystemI::createSoundInternal             : exinfo->numsubsounds       = 1
[LOG] SystemI::createSoundInternal             : exinfo->inclusionlist      = 0x700003d1a8ac
[LOG] SystemI::createSoundInternal             : exinfo->inclusionlistnum   = 1
[LOG] SystemI::createSoundInternal             : exinfo->suggestedsoundtype = 5
[LOG] SystemI::createSoundInternal             : exinfo->useropen           = 0x15e22b8a0
[LOG] SystemI::createSoundInternal             : exinfo->userclose          = 0x15e22b957
[LOG] SystemI::createSoundInternal             : exinfo->userread           = 0x15e22b984
[LOG] SystemI::createSoundInternal             : exinfo->userseek           = 0x15e22ba26
[LOG] SystemI::createSoundInternal             : exinfo->fileuserdata       = 0x7fbb2d0b2178
[LOG] SystemI::createSoundInternal             : exinfo->initialseekpostype = 1
[LOG] SystemI::DSPCodecPoolRegister            : register codec pool for pool type 5
[LOG] SystemI::createSoundInternal             : Sample 0/1: name='snd_bomb_ignite', format=2, channels=2, frequency=48000, lengthbytes=34368, lengthpcm=168000, pcmblocksize=0, loopstart=0, loopend=0, mode=0x00000000, channelmask=0x00000000, channelorder=0, peakvolume=0.024994.
[LOG] SystemI::createSound                     : filename = ../FMOD Session/4 Week Game/Build/Desktop/4 Week Game.bank : mode 02010082
[LOG] SystemI::createSound                     : FMOD_NONBLOCKING specified.  Putting into queue to be opened asynchronously!
[LOG] SystemI::createSound                     : setdata soundi = 0x7fbb2bc4ff68 : node = 0x7fbb2bc85850
[LOG] SystemI::createSound                     : add node to async list : head = 0x7fbb2bce59a8.  list count = 0
[LOG] AsyncThread::threadFunc                  : Starting Asynchronous operation on sound 0x7fbb2bc4ff68
[LOG] SystemI::createSoundInternal             :     Create name='../FMOD Session/4 Week Game/Build/Desktop/4 Week Game.bank', mode=0x02010082
[LOG] SystemI::createSoundInternal             :     exinfo->cbsize             = 224
[LOG] SystemI::createSoundInternal             :     exinfo->length             = 6989088
[LOG] SystemI::createSoundInternal             :     exinfo->fileoffset         = 61152
[LOG] SystemI::createSoundInternal             :     exinfo->numsubsounds       = 1
[LOG] SystemI::createSoundInternal             :     exinfo->inclusionlist      = 0x7fbb2bc85960
[LOG] SystemI::createSoundInternal             :     exinfo->inclusionlistnum   = 1
[LOG] SystemI::createSoundInternal             :     exinfo->suggestedsoundtype = 5
[LOG] SystemI::createSoundInternal             :     exinfo->initialseekposition = 3
[LOG] SystemI::createSoundInternal             :     exinfo->initialseekpostype = 1
[LOG] SystemI::createSoundInternal             :     Stream 0/1: name='Main Theme', format=2, channels=2, frequency=48000, lengthbytes=531424, lengthpcm=2468571, pcmblocksize=0, loopstart=0, loopend=0, mode=0x00000000, channelmask=0x00000000, channelorder=0, peakvolume=0.502843.
[LOG] AsyncThread::threadFunc                  : Finished Asynchronous operation on sound 0x7fbb2bc4ff68
[LOG] SoundI::getSubSound                      : sound 0x7fbb2bc4ff68.  Subsound index 0 / 1
[LOG] SystemI::createSound                     : filename = ../FMOD Session/4 Week Game/Build/Desktop/4 Week Game.bank : mode 02010082
[LOG] SystemI::createSound                     : FMOD_NONBLOCKING specified.  Putting into queue to be opened asynchronously!
[LOG] SystemI::createSound                     : setdata soundi = 0x7fbb2bf13fd8 : node = 0x7fbb2bf325b0
[LOG] SystemI::createSound                     : add node to async list : head = 0x7fbb2bce59a8.  list count = 0
[LOG] AsyncThread::threadFunc                  : Starting Asynchronous operation on sound 0x7fbb2bf13fd8
[LOG] SystemI::createSoundInternal             :     Create name='../FMOD Session/4 Week Game/Build/Desktop/4 Week Game.bank', mode=0x02010082
[LOG] SystemI::createSoundInternal             :     exinfo->cbsize             = 224
[LOG] SystemI::createSoundInternal             :     exinfo->length             = 6989088
[LOG] SystemI::createSoundInternal             :     exinfo->fileoffset         = 61152
[LOG] SystemI::createSoundInternal             :     exinfo->numsubsounds       = 1
[LOG] SystemI::createSoundInternal             :     exinfo->inclusionlist      = 0x7fbb2bf326c0
[LOG] SystemI::createSoundInternal             :     exinfo->inclusionlistnum   = 1
[LOG] SystemI::createSoundInternal             :     exinfo->suggestedsoundtype = 5
[LOG] SystemI::createSoundInternal             :     exinfo->initialseekposition = 1928
[LOG] SystemI::createSoundInternal             :     exinfo->initialseekpostype = 1
[LOG] SystemI::createSoundInternal             :     Stream 0/1: name='Message Sound', format=2, channels=2, frequency=48000, lengthbytes=100448, lengthpcm=603211, pcmblocksize=0, loopstart=0, loopend=0, mode=0x00000000, channelmask=0x00000000, channelorder=0, peakvolume=0.584664.
[LOG] AsyncThread::threadFunc                  : Finished Asynchronous operation on sound 0x7fbb2bf13fd8
[LOG] SoundI::getSubSound                      : sound 0x7fbb2bf13fd8.  Subsound index 0 / 1
[LOG] SystemI::createSound                     : filename = ../FMOD Session/4 Week Game/Build/Desktop/4 Week Game.bank : mode 02010082
[LOG] SystemI::createSound                     : FMOD_NONBLOCKING specified.  Putting into queue to be opened asynchronously!
[LOG] SystemI::createSound                     : setdata soundi = 0x7fbb2bf97468 : node = 0x7fbb2d61f9f0
[LOG] SystemI::createSound                     : add node to async list : head = 0x7fbb2bce59a8.  list count = 0
[LOG] AsyncThread::threadFunc                  : Starting Asynchronous operation on sound 0x7fbb2bf97468
[LOG] SystemI::createSoundInternal             :     Create name='../FMOD Session/4 Week Game/Build/Desktop/4 Week Game.bank', mode=0x02010082
[LOG] SystemI::createSoundInternal             :     exinfo->cbsize             = 224
[LOG] SystemI::createSoundInternal             :     exinfo->length             = 6989088
[LOG] SystemI::createSoundInternal             :     exinfo->fileoffset         = 61152
[LOG] SystemI::createSoundInternal             :     exinfo->numsubsounds       = 1
[LOG] SystemI::createSoundInternal             :     exinfo->inclusionlist      = 0x7fbb2d61fb00
[LOG] SystemI::createSoundInternal             :     exinfo->inclusionlistnum   = 1
[LOG] SystemI::createSoundInternal             :     exinfo->suggestedsoundtype = 5
[LOG] SystemI::createSoundInternal             :     exinfo->initialseekposition = 1928
[LOG] SystemI::createSoundInternal             :     exinfo->initialseekpostype = 1
[LOG] SystemI::createSoundInternal             :     Stream 0/1: name='Message Sound', format=2, channels=2, frequency=48000, lengthbytes=100448, lengthpcm=603211, pcmblocksize=0, loopstart=0, loopend=0, mode=0x00000000, channelmask=0x00000000, channelorder=0, peakvolume=0.584664.
[LOG] AsyncThread::threadFunc                  : Finished Asynchronous operation on sound 0x7fbb2bf97468
[LOG] SoundI::getSubSound                      : sound 0x7fbb2bf97468.  Subsound index 0 / 1
[LOG] SoundI::release                          : Message Sound (0x7fbb2bf13fd8)
[LOG] SoundI::release                          :     Message Sound (0x7fbb2bef5b08)
[LOG] SoundI::release                          :     Message Sound (0x7fbb2bef3318)
[LOG] SoundI::release                          : Message Sound (0x7fbb2bf97468)
[LOG] SoundI::release                          :     Message Sound (0x7fbb2bc52d98)
[LOG] SoundI::release                          :     Message Sound (0x7fbb2bc52f28)
[LOG] SystemI::createSoundInternal             : Create name='', mode=0x02000202
[LOG] SystemI::createSoundInternal             : exinfo->cbsize             = 224
[LOG] SystemI::createSoundInternal             : exinfo->length             = 6989088
[LOG] SystemI::createSoundInternal             : exinfo->fileoffset         = 61152
[LOG] SystemI::createSoundInternal             : exinfo->numsubsounds       = 1
[LOG] SystemI::createSoundInternal             : exinfo->inclusionlist      = 0x700003d1a8ac
[LOG] SystemI::createSoundInternal             : exinfo->inclusionlistnum   = 1
[LOG] SystemI::createSoundInternal             : exinfo->suggestedsoundtype = 5
[LOG] SystemI::createSoundInternal             : exinfo->useropen           = 0x15e22b8a0
[LOG] SystemI::createSoundInternal             : exinfo->userclose          = 0x15e22b957
[LOG] SystemI::createSoundInternal             : exinfo->userread           = 0x15e22b984
[LOG] SystemI::createSoundInternal             : exinfo->userseek           = 0x15e22ba26
[LOG] SystemI::createSoundInternal             : exinfo->fileuserdata       = 0x7fbb2d6dab78
[LOG] SystemI::createSoundInternal             : exinfo->initialseekpostype = 1
[LOG] SystemI::DSPCodecPoolRegister            : register codec pool for pool type 5
[LOG] SystemI::createSoundInternal             : Sample 0/1: name='4WG_SD_Crates', format=2, channels=2, frequency=48000, lengthbytes=6144, lengthpcm=19500, pcmblocksize=0, loopstart=0, loopend=0, mode=0x00000000, channelmask=0x00000000, channelorder=0, peakvolume=0.350006.
[LOG] SystemI::createSoundInternal             : Create name='', mode=0x02000202
[LOG] SystemI::createSoundInternal             : exinfo->cbsize             = 224
[LOG] SystemI::createSoundInternal             : exinfo->length             = 6989088
[LOG] SystemI::createSoundInternal             : exinfo->fileoffset         = 61152
[LOG] SystemI::createSoundInternal             : exinfo->numsubsounds       = 1
[LOG] SystemI::createSoundInternal             : exinfo->inclusionlist      = 0x700003d1a8ac
[LOG] SystemI::createSoundInternal             : exinfo->inclusionlistnum   = 1
[LOG] SystemI::createSoundInternal             : exinfo->suggestedsoundtype = 5
[LOG] SystemI::createSoundInternal             : exinfo->useropen           = 0x15e22b8a0
[LOG] SystemI::createSoundInternal             : exinfo->userclose          = 0x15e22b957
[LOG] SystemI::createSoundInternal             : exinfo->userread           = 0x15e22b984
[LOG] SystemI::createSoundInternal             : exinfo->userseek           = 0x15e22ba26
[LOG] SystemI::createSoundInternal             : exinfo->fileuserdata       = 0x7fbb2bc52ab8
[LOG] SystemI::createSoundInternal             : exinfo->initialseekpostype = 1
[LOG] SystemI::DSPCodecPoolRegister            : register codec pool for pool type 5
[LOG] SystemI::createSoundInternal             : Sample 0/1: name='Bouncer', format=2, channels=2, frequency=48000, lengthbytes=64832, lengthpcm=201437, pcmblocksize=0, loopstart=0, loopend=0, mode=0x00000000, channelmask=0x00000000, channelorder=0, peakvolume=0.481440.
[LOG] SystemI::createSoundInternal             : Create name='', mode=0x02000202
[LOG] SystemI::createSoundInternal             : exinfo->cbsize             = 224
[LOG] SystemI::createSoundInternal             : exinfo->length             = 6989088
[LOG] SystemI::createSoundInternal             : exinfo->fileoffset         = 61152
[LOG] SystemI::createSoundInternal             : exinfo->numsubsounds       = 1
[LOG] SystemI::createSoundInternal             : exinfo->inclusionlist      = 0x700003d1a8ac
[LOG] SystemI::createSoundInternal             : exinfo->inclusionlistnum   = 1
[LOG] SystemI::createSoundInternal             : exinfo->suggestedsoundtype = 5
[LOG] SystemI::createSoundInternal             : exinfo->useropen           = 0x15e22b8a0
[LOG] SystemI::createSoundInternal             : exinfo->userclose          = 0x15e22b957
[LOG] SystemI::createSoundInternal             : exinfo->userread           = 0x15e22b984
[LOG] SystemI::createSoundInternal             : exinfo->userseek           = 0x15e22ba26
[LOG] SystemI::createSoundInternal             : exinfo->fileuserdata       = 0x7fbb2bc52ab8
[LOG] SystemI::createSoundInternal             : exinfo->initialseekpostype = 1
[LOG] SystemI::DSPCodecPoolRegister            : register codec pool for pool type 5
[LOG] SystemI::createSoundInternal             : Sample 0/1: name='4WG_SD_Enemy_Bouncer', format=2, channels=2, frequency=48000, lengthbytes=9184, lengthpcm=36351, pcmblocksize=0, loopstart=0, loopend=0, mode=0x00000000, channelmask=0x00000000, channelorder=0, peakvolume=0.349915.
[LOG] SystemI::createSoundInternal             : Create name='', mode=0x02000202
[LOG] SystemI::createSoundInternal             : exinfo->cbsize             = 224
[LOG] SystemI::createSoundInternal             : exinfo->length             = 6989088
[LOG] SystemI::createSoundInternal             : exinfo->fileoffset         = 61152
[LOG] SystemI::createSoundInternal             : exinfo->numsubsounds       = 1
[LOG] SystemI::createSoundInternal             : exinfo->inclusionlist      = 0x700003d1a8ac
[LOG] SystemI::createSoundInternal             : exinfo->inclusionlistnum   = 1
[LOG] SystemI::createSoundInternal             : exinfo->suggestedsoundtype = 5
[LOG] SystemI::createSoundInternal             : exinfo->useropen           = 0x15e22b8a0
[LOG] SystemI::createSoundInternal             : exinfo->userclose          = 0x15e22b957
[LOG] SystemI::createSoundInternal             : exinfo->userread           = 0x15e22b984
[LOG] SystemI::createSoundInternal             : exinfo->userseek           = 0x15e22ba26
[LOG] SystemI::createSoundInternal             : exinfo->fileuserdata       = 0x7fbb2bc52ab8
[LOG] SystemI::createSoundInternal             : exinfo->initialseekpostype = 1
[LOG] SystemI::DSPCodecPoolRegister            : register codec pool for pool type 5
[LOG] SystemI::createSoundInternal             : Sample 0/1: name='4WG_SD_EnemyDestroy_4', format=2, channels=2, frequency=48000, lengthbytes=4480, lengthpcm=20000, pcmblocksize=0, loopstart=0, loopend=0, mode=0x00000000, channelmask=0x00000000, channelorder=0, peakvolume=0.248291.
[LOG] SystemI::createSoundInternal             : Create name='', mode=0x02000202
[LOG] SystemI::createSoundInternal             : exinfo->cbsize             = 224
[LOG] SystemI::createSoundInternal             : exinfo->length             = 6989088
[LOG] SystemI::createSoundInternal             : exinfo->fileoffset         = 61152
[LOG] SystemI::createSoundInternal             : exinfo->numsubsounds       = 1
[LOG] SystemI::createSoundInternal             : exinfo->inclusionlist      = 0x700003d1a8ac
[LOG] SystemI::createSoundInternal             : exinfo->inclusionlistnum   = 1
[LOG] SystemI::createSoundInternal             : exinfo->suggestedsoundtype = 5
[LOG] SystemI::createSoundInternal             : exinfo->useropen           = 0x15e22b8a0
[LOG] SystemI::createSoundInternal             : exinfo->userclose          = 0x15e22b957
[LOG] SystemI::createSoundInternal             : exinfo->userread           = 0x15e22b984
[LOG] SystemI::createSoundInternal             : exinfo->userseek           = 0x15e22ba26
[LOG] SystemI::createSoundInternal             : exinfo->fileuserdata       = 0x7fbb2bc52ab8
[LOG] SystemI::createSoundInternal             : exinfo->initialseekpostype = 1
[LOG] SystemI::DSPCodecPoolRegister            : register codec pool for pool type 5
[LOG] SystemI::createSoundInternal             : Sample 0/1: name='4WG_SD_EnemyDestroy_5', format=2, channels=2, frequency=48000, lengthbytes=4160, lengthpcm=19000, pcmblocksize=0, loopstart=0, loopend=0, mode=0x00000000, channelmask=0x00000000, channelorder=0, peakvolume=0.215668.
[LOG] SystemI::createSoundInternal             : Create name='', mode=0x02000202
[LOG] SystemI::createSoundInternal             : exinfo->cbsize             = 224
[LOG] SystemI::createSoundInternal             : exinfo->length             = 6989088
[LOG] SystemI::createSoundInternal             : exinfo->fileoffset         = 61152
[LOG] SystemI::createSoundInternal             : exinfo->numsubsounds       = 1
[LOG] SystemI::createSoundInternal             : exinfo->inclusionlist      = 0x700003d1a8ac
[LOG] SystemI::createSoundInternal             : exinfo->inclusionlistnum   = 1
[LOG] SystemI::createSoundInternal             : exinfo->suggestedsoundtype = 5
[LOG] SystemI::createSoundInternal             : exinfo->useropen           = 0x15e22b8a0
[LOG] SystemI::createSoundInternal             : exinfo->userclose          = 0x15e22b957
[LOG] SystemI::createSoundInternal             : exinfo->userread           = 0x15e22b984
[LOG] SystemI::createSoundInternal             : exinfo->userseek           = 0x15e22ba26
[LOG] SystemI::createSoundInternal             : exinfo->fileuserdata       = 0x7fbb2bc52ab8
[LOG] SystemI::createSoundInternal             : exinfo->initialseekpostype = 1
[LOG] SystemI::DSPCodecPoolRegister            : register codec pool for pool type 5
[LOG] SystemI::createSoundInternal             : Sample 0/1: name='4WG_SD_EnemyDestroy_6', format=2, channels=2, frequency=48000, lengthbytes=4160, lengthpcm=19000, pcmblocksize=0, loopstart=0, loopend=0, mode=0x00000000, channelmask=0x00000000, channelorder=0, peakvolume=0.244812.
[LOG] SystemI::createSound                     : filename = ../FMOD Session/4 Week Game/Build/Desktop/4 Week Game.bank : mode 02010082
[LOG] SystemI::createSound                     : FMOD_NONBLOCKING specified.  Putting into queue to be opened asynchronously!
[LOG] SystemI::createSound                     : setdata soundi = 0x7fbb302dce38 : node = 0x7fbb3026d640
[LOG] SystemI::createSound                     : add node to async list : head = 0x7fbb2bce59a8.  list count = 0
[LOG] AsyncThread::threadFunc                  : Starting Asynchronous operation on sound 0x7fbb302dce38
[LOG] SystemI::createSoundInternal             :     Create name='../FMOD Session/4 Week Game/Build/Desktop/4 Week Game.bank', mode=0x02010082
[LOG] SystemI::createSoundInternal             :     exinfo->cbsize             = 224
[LOG] SystemI::createSoundInternal             :     exinfo->length             = 6989088
[LOG] SystemI::createSoundInternal             :     exinfo->fileoffset         = 61152
[LOG] SystemI::createSoundInternal             :     exinfo->numsubsounds       = 1
[LOG] SystemI::createSoundInternal             :     exinfo->inclusionlist      = 0x7fbb3026d750
[LOG] SystemI::createSoundInternal             :     exinfo->inclusionlistnum   = 1
[LOG] SystemI::createSoundInternal             :     exinfo->suggestedsoundtype = 5
[LOG] SystemI::createSoundInternal             :     exinfo->initialseekpostype = 1
[LOG] SystemI::createSoundInternal             :     Stream 0/1: name='Arp Main 3', format=2, channels=2, frequency=48000, lengthbytes=327264, lengthpcm=1481143, pcmblocksize=0, loopstart=0, loopend=0, mode=0x00000000, channelmask=0x00000000, channelorder=0, peakvolume=0.255722.
[LOG] AsyncThread::threadFunc                  : Finished Asynchronous operation on sound 0x7fbb302dce38
[LOG] SoundI::getSubSound                      : sound 0x7fbb302dce38.  Subsound index 0 / 1
[LOG] AsyncThread::threadFunc                  : Starting Asynchronous operation on sound 0x7fbb2bec8d88
[LOG] AsyncThread::threadFunc                  : Finished Asynchronous operation on sound 0x7fbb2bec8d88
[LOG] SystemI::createSoundInternal             : Create name='', mode=0x02000202
[LOG] SystemI::createSoundInternal             : exinfo->cbsize             = 224
[LOG] SystemI::createSoundInternal             : exinfo->length             = 6989088
[LOG] SystemI::createSoundInternal             : exinfo->fileoffset         = 61152
[LOG] SystemI::createSoundInternal             : exinfo->numsubsounds       = 1
[LOG] SystemI::createSoundInternal             : exinfo->inclusionlist      = 0x700003d1a8ac
[LOG] SystemI::createSoundInternal             : exinfo->inclusionlistnum   = 1
[LOG] SystemI::createSoundInternal             : exinfo->suggestedsoundtype = 5
[LOG] SystemI::createSoundInternal             : exinfo->useropen           = 0x15e22b8a0
[LOG] SystemI::createSoundInternal             : exinfo->userclose          = 0x15e22b957
[LOG] SystemI::createSoundInternal             : exinfo->userread           = 0x15e22b984
[LOG] SystemI::createSoundInternal             : exinfo->userseek           = 0x15e22ba26
[LOG] SystemI::createSoundInternal             : exinfo->fileuserdata       = 0x7fbb2d61c698
[LOG] SystemI::createSoundInternal             : exinfo->initialseekpostype = 1
[LOG] SystemI::DSPCodecPoolRegister            : register codec pool for pool type 5
[LOG] SystemI::createSoundInternal             : Sample 0/1: name='Splash_3', format=2, channels=2, frequency=48000, lengthbytes=13376, lengthpcm=44330, pcmblocksize=0, loopstart=0, loopend=0, mode=0x00000000, channelmask=0x00000000, channelorder=0, peakvolume=0.042965.
[LOG] SystemI::createSoundInternal             : Create name='', mode=0x02000202
[LOG] SystemI::createSoundInternal             : exinfo->cbsize             = 224
[LOG] SystemI::createSoundInternal             : exinfo->length             = 6989088
[LOG] SystemI::createSoundInternal             : exinfo->fileoffset         = 61152
[LOG] SystemI::createSoundInternal             : exinfo->numsubsounds       = 1
[LOG] SystemI::createSoundInternal             : exinfo->inclusionlist      = 0x700003d1a8ac
[LOG] SystemI::createSoundInternal             : exinfo->inclusionlistnum   = 1
[LOG] SystemI::createSoundInternal             : exinfo->suggestedsoundtype = 5
[LOG] SystemI::createSoundInternal             : exinfo->useropen           = 0x15e22b8a0
[LOG] SystemI::createSoundInternal             : exinfo->userclose          = 0x15e22b957
[LOG] SystemI::createSoundInternal             : exinfo->userread           = 0x15e22b984
[LOG] SystemI::createSoundInternal             : exinfo->userseek           = 0x15e22ba26
[LOG] SystemI::createSoundInternal             : exinfo->fileuserdata       = 0x7fbb2d61c698
[LOG] SystemI::createSoundInternal             : exinfo->initialseekpostype = 1
[LOG] SystemI::DSPCodecPoolRegister            : register codec pool for pool type 5
[LOG] SystemI::createSoundInternal             : Sample 0/1: name='snd_splash_1', format=2, channels=2, frequency=48000, lengthbytes=35232, lengthpcm=168000, pcmblocksize=0, loopstart=0, loopend=0, mode=0x00000000, channelmask=0x00000000, channelorder=0, peakvolume=0.325073.
[LOG] SystemI::createSoundInternal             : Create name='', mode=0x02000202
[LOG] SystemI::createSoundInternal             : exinfo->cbsize             = 224
[LOG] SystemI::createSoundInternal             : exinfo->length             = 6989088
[LOG] SystemI::createSoundInternal             : exinfo->fileoffset         = 61152
[LOG] SystemI::createSoundInternal             : exinfo->numsubsounds       = 1
[LOG] SystemI::createSoundInternal             : exinfo->inclusionlist      = 0x700003d1a8ac
[LOG] SystemI::createSoundInternal             : exinfo->inclusionlistnum   = 1
[LOG] SystemI::createSoundInternal             : exinfo->suggestedsoundtype = 5
[LOG] SystemI::createSoundInternal             : exinfo->useropen           = 0x15e22b8a0
[LOG] SystemI::createSoundInternal             : exinfo->userclose          = 0x15e22b957
[LOG] SystemI::createSoundInternal             : exinfo->userread           = 0x15e22b984
[LOG] SystemI::createSoundInternal             : exinfo->userseek           = 0x15e22ba26
[LOG] SystemI::createSoundInternal             : exinfo->fileuserdata       = 0x7fbb2d61c698
[LOG] SystemI::createSoundInternal             : exinfo->initialseekpostype = 1
[LOG] SystemI::DSPCodecPoolRegister            : register codec pool for pool type 5
[LOG] SystemI::createSoundInternal             : Sample 0/1: name='Splash_1', format=2, channels=2, frequency=48000, lengthbytes=11168, lengthpcm=40821, pcmblocksize=0, loopstart=0, loopend=0, mode=0x00000000, channelmask=0x00000000, channelorder=0, peakvolume=0.082755.
[LOG] SystemI::createSoundInternal             : Create name='', mode=0x02000202
[LOG] SystemI::createSoundInternal             : exinfo->cbsize             = 224
[LOG] SystemI::createSoundInternal             : exinfo->length             = 6989088
[LOG] SystemI::createSoundInternal             : exinfo->fileoffset         = 61152
[LOG] SystemI::createSoundInternal             : exinfo->numsubsounds       = 1
[LOG] SystemI::createSoundInternal             : exinfo->inclusionlist      = 0x700003d1a8ac
[LOG] SystemI::createSoundInternal             : exinfo->inclusionlistnum   = 1
[LOG] SystemI::createSoundInternal             : exinfo->suggestedsoundtype = 5
[LOG] SystemI::createSoundInternal             : exinfo->useropen           = 0x15e22b8a0
[LOG] SystemI::createSoundInternal             : exinfo->userclose          = 0x15e22b957
[LOG] SystemI::createSoundInternal             : exinfo->userread           = 0x15e22b984
[LOG] SystemI::createSoundInternal             : exinfo->userseek           = 0x15e22ba26
[LOG] SystemI::createSoundInternal             : exinfo->fileuserdata       = 0x7fbb2d61c698
[LOG] SystemI::createSoundInternal             : exinfo->initialseekpostype = 1
[LOG] SystemI::DSPCodecPoolRegister            : register codec pool for pool type 5
[LOG] SystemI::createSoundInternal             : Sample 0/1: name='Splash_2', format=2, channels=2, frequency=48000, lengthbytes=8512, lengthpcm=29843, pcmblocksize=0, loopstart=0, loopend=0, mode=0x00000000, channelmask=0x00000000, channelorder=0, peakvolume=0.021350.
[LOG] SystemI::createSound                     : filename = ../FMOD Session/4 Week Game/Build/Desktop/4 Week Game.bank : mode 02010082
[LOG] SystemI::createSound                     : FMOD_NONBLOCKING specified.  Putting into queue to be opened asynchronously!
[LOG] SystemI::createSound                     : setdata soundi = 0x7fbb2d6b5598 : node = 0x7fbb2bf325b0
[LOG] SystemI::createSound                     : add node to async list : head = 0x7fbb2bce59a8.  list count = 0
[LOG] SystemI::createSound                     : filename = ../FMOD Session/4 Week Game/Build/Desktop/4 Week Game.bank : mode 02010082
[LOG] SystemI::createSound                     : FMOD_NONBLOCKING specified.  Putting into queue to be opened asynchronously!
[LOG] SystemI::createSound                     : setdata soundi = 0x7fbb2d3b7888 : node = 0x7fbb2d3a1360
[LOG] SystemI::createSound                     : add node to async list : head = 0x7fbb2bce59a8.  list count = 0
[LOG] AsyncThread::threadFunc                  : Starting Asynchronous operation on sound 0x7fbb2d6b5598
[LOG] SystemI::createSoundInternal             :     Create name='../FMOD Session/4 Week Game/Build/Desktop/4 Week Game.bank', mode=0x02010082
[LOG] SystemI::createSoundInternal             :     exinfo->cbsize             = 224
[LOG] SystemI::createSoundInternal             :     exinfo->length             = 6989088
[LOG] SystemI::createSoundInternal             :     exinfo->fileoffset         = 61152
[LOG] SystemI::createSoundInternal             :     exinfo->numsubsounds       = 1
[LOG] SystemI::createSoundInternal             :     exinfo->inclusionlist      = 0x7fbb2bf326c0
[LOG] SystemI::createSoundInternal             :     exinfo->inclusionlistnum   = 1
[LOG] SystemI::createSoundInternal             :     exinfo->suggestedsoundtype = 5
[LOG] SystemI::createSoundInternal             :     exinfo->initialseekpostype = 1
[LOG] SystemI::createSoundInternal             :     Stream 0/1: name='4WG_SD_Atmo_Day', format=2, channels=2, frequency=48000, lengthbytes=486944, lengthpcm=1814500, pcmblocksize=0, loopstart=0, loopend=0, mode=0x00000000, channelmask=0x00000000, channelorder=0, peakvolume=0.053558.
[LOG] AsyncThread::threadFunc                  : Finished Asynchronous operation on sound 0x7fbb2d6b5598
[LOG] AsyncThread::threadFunc                  : Starting Asynchronous operation on sound 0x7fbb2d3b7888
[LOG] SystemI::createSoundInternal             :     Create name='../FMOD Session/4 Week Game/Build/Desktop/4 Week Game.bank', mode=0x02010082
[LOG] SystemI::createSoundInternal             :     exinfo->cbsize             = 224
[LOG] SystemI::createSoundInternal             :     exinfo->length             = 6989088
[LOG] SystemI::createSoundInternal             :     exinfo->fileoffset         = 61152
[LOG] SystemI::createSoundInternal             :     exinfo->numsubsounds       = 1
[LOG] SystemI::createSoundInternal             :     exinfo->inclusionlist      = 0x7fbb2d3a1470
[LOG] SystemI::createSoundInternal             :     exinfo->inclusionlistnum   = 1
[LOG] SystemI::createSoundInternal             :     exinfo->suggestedsoundtype = 5
[LOG] SystemI::createSoundInternal             :     exinfo->initialseekpostype = 1
[LOG] SystemI::createSoundInternal             :     Stream 0/1: name='4WG_SD_Atmo_Night', format=2, channels=2, frequency=48000, lengthbytes=530336, lengthpcm=1814500, pcmblocksize=0, loopstart=0, loopend=0, mode=0x00000000, channelmask=0x00000000, channelorder=0, peakvolume=0.044586.
[LOG] AsyncThread::threadFunc                  : Finished Asynchronous operation on sound 0x7fbb2d3b7888
[LOG] SoundI::getSubSound                      : sound 0x7fbb2d6b5598.  Subsound index 0 / 1
[LOG] SoundI::getSubSound                      : sound 0x7fbb2d3b7888.  Subsound index 0 / 1
[LOG] SoundI::release                          : 4WG_SD_Atmo_Night (0x7fbb2bcdc618)
[LOG] SoundI::release                          :     4WG_SD_Atmo_Night (0x7fbb2eb2c918)
[LOG] SoundI::release                          :     4WG_SD_Atmo_Night (0x7fbb2d00f2f8)
[LOG] SoundI::release                          : 4WG_SD_Atmo_Day (0x7fbb2bced488)
[LOG] SoundI::release                          :     4WG_SD_Atmo_Day (0x7fbb2eb2f2a8)
[LOG] SoundI::release                          :     4WG_SD_Atmo_Day (0x7fbb2d0209e8)
[LOG] SystemI::createSoundInternal             : Create name='', mode=0x02000202
[LOG] SystemI::createSoundInternal             : exinfo->cbsize             = 224
[LOG] SystemI::createSoundInternal             : exinfo->length             = 6989088
[LOG] SystemI::createSoundInternal             : exinfo->fileoffset         = 61152
[LOG] SystemI::createSoundInternal             : exinfo->numsubsounds       = 1
[LOG] SystemI::createSoundInternal             : exinfo->inclusionlist      = 0x700003d1a8ac
[LOG] SystemI::createSoundInternal             : exinfo->inclusionlistnum   = 1
[LOG] SystemI::createSoundInternal             : exinfo->suggestedsoundtype = 5
[LOG] SystemI::createSoundInternal             : exinfo->useropen           = 0x15e22b8a0
[LOG] SystemI::createSoundInternal             : exinfo->userclose          = 0x15e22b957
[LOG] SystemI::createSoundInternal             : exinfo->userread           = 0x15e22b984
[LOG] SystemI::createSoundInternal             : exinfo->userseek           = 0x15e22ba26
[LOG] SystemI::createSoundInternal             : exinfo->fileuserdata       = 0x7fbb2d61c698
[LOG] SystemI::createSoundInternal             : exinfo->initialseekpostype = 1
[LOG] SystemI::DSPCodecPoolRegister            : register codec pool for pool type 5
[LOG] SystemI::createSoundInternal             : Sample 0/1: name='4WG_SD_Enemy_Skull2', format=2, channels=2, frequency=48000, lengthbytes=15360, lengthpcm=43672, pcmblocksize=0, loopstart=0, loopend=0, mode=0x00000000, channelmask=0x00000000, channelorder=0, peakvolume=0.987061.
[LOG] SystemI::createSound                     : filename = ../FMOD Session/4 Week Game/Build/Desktop/4 Week Game.bank : mode 02010082
[LOG] SystemI::createSound                     : FMOD_NONBLOCKING specified.  Putting into queue to be opened asynchronously!
[LOG] SystemI::createSound                     : setdata soundi = 0x7fbb2d00f2f8 : node = 0x7fbb2d045900
[LOG] SystemI::createSound                     : add node to async list : head = 0x7fbb2bce59a8.  list count = 0
[LOG] SystemI::createSound                     : filename = ../FMOD Session/4 Week Game/Build/Desktop/4 Week Game.bank : mode 02010082
[LOG] SystemI::createSound                     : FMOD_NONBLOCKING specified.  Putting into queue to be opened asynchronously!
[LOG] SystemI::createSound                     : setdata soundi = 0x7fbb2d077028 : node = 0x7fbb30207060
[LOG] SystemI::createSound                     : add node to async list : head = 0x7fbb2bce59a8.  list count = 0
[LOG] AsyncThread::threadFunc                  : Starting Asynchronous operation on sound 0x7fbb2d00f2f8
[LOG] SystemI::createSoundInternal             :     Create name='../FMOD Session/4 Week Game/Build/Desktop/4 Week Game.bank', mode=0x02010082
[LOG] SystemI::createSoundInternal             :     exinfo->cbsize             = 224
[LOG] SystemI::createSoundInternal             :     exinfo->length             = 6989088
[LOG] SystemI::createSoundInternal             :     exinfo->fileoffset         = 61152
[LOG] SystemI::createSoundInternal             :     exinfo->numsubsounds       = 1
[LOG] SystemI::createSoundInternal             :     exinfo->inclusionlist      = 0x7fbb2d045a10
[LOG] SystemI::createSoundInternal             :     exinfo->inclusionlistnum   = 1
[LOG] SystemI::createSoundInternal             :     exinfo->suggestedsoundtype = 5
[LOG] SystemI::createSoundInternal             :     exinfo->initialseekpostype = 1
[LOG] SystemI::createSoundInternal             :     Stream 0/1: name='Arp Main 1', format=2, channels=2, frequency=48000, lengthbytes=326656, lengthpcm=1481143, pcmblocksize=0, loopstart=0, loopend=0, mode=0x00000000, channelmask=0x00000000, channelorder=0, peakvolume=0.254995.
[LOG] AsyncThread::threadFunc                  : Finished Asynchronous operation on sound 0x7fbb2d00f2f8
[LOG] AsyncThread::threadFunc                  : Starting Asynchronous operation on sound 0x7fbb2d077028
[LOG] SystemI::createSoundInternal             :     Create name='../FMOD Session/4 Week Game/Build/Desktop/4 Week Game.bank', mode=0x02010082
[LOG] SystemI::createSoundInternal             :     exinfo->cbsize             = 224
[LOG] SystemI::createSoundInternal             :     exinfo->length             = 6989088
[LOG] SystemI::createSoundInternal             :     exinfo->fileoffset         = 61152
[LOG] SystemI::createSoundInternal             :     exinfo->numsubsounds       = 1
[LOG] SystemI::createSoundInternal             :     exinfo->inclusionlist      = 0x7fbb30207170
[LOG] SystemI::createSoundInternal             :     exinfo->inclusionlistnum   = 1
[LOG] SystemI::createSoundInternal             :     exinfo->suggestedsoundtype = 5
[LOG] SystemI::createSoundInternal             :     exinfo->initialseekposition = 20574
[LOG] SystemI::createSoundInternal             :     exinfo->initialseekpostype = 1
[LOG] SystemI::createSoundInternal             :     Stream 0/1: name='Main Theme', format=2, channels=2, frequency=48000, lengthbytes=531424, lengthpcm=2468571, pcmblocksize=0, loopstart=0, loopend=0, mode=0x00000000, channelmask=0x00000000, channelorder=0, peakvolume=0.502843.
[LOG] AsyncThread::threadFunc                  : Finished Asynchronous operation on sound 0x7fbb2d077028
[LOG] SoundI::getSubSound                      : sound 0x7fbb2d00f2f8.  Subsound index 0 / 1
[LOG] SoundI::getSubSound                      : sound 0x7fbb2d077028.  Subsound index 0 / 1
[LOG] SoundI::release                          : Arp Main 3 (0x7fbb302dce38)
[LOG] SoundI::release                          :     Arp Main 3 (0x7fbb2bee1928)
[LOG] SoundI::release                          :     Arp Main 3 (0x7fbb2bec8d88)
[LOG] SoundI::release                          : Main Theme (0x7fbb2bc4ff68)
[LOG] SoundI::release                          :     Main Theme (0x7fbb2bef6598)
[LOG] SoundI::release                          :     Main Theme (0x7fbb2beecf98)
[LOG] SystemI::createSoundInternal             : Create name='', mode=0x02000202
[LOG] SystemI::createSoundInternal             : exinfo->cbsize             = 224
[LOG] SystemI::createSoundInternal             : exinfo->length             = 6989088
[LOG] SystemI::createSoundInternal             : exinfo->fileoffset         = 61152
[LOG] SystemI::createSoundInternal             : exinfo->numsubsounds       = 1
[LOG] SystemI::createSoundInternal             : exinfo->inclusionlist      = 0x700003d1a8ac
[LOG] SystemI::createSoundInternal             : exinfo->inclusionlistnum   = 1
[LOG] SystemI::createSoundInternal             : exinfo->suggestedsoundtype = 5
[LOG] SystemI::createSoundInternal             : exinfo->useropen           = 0x15e22b8a0
[LOG] SystemI::createSoundInternal             : exinfo->userclose          = 0x15e22b957
[LOG] SystemI::createSoundInternal             : exinfo->userread           = 0x15e22b984
[LOG] SystemI::createSoundInternal             : exinfo->userseek           = 0x15e22ba26
[LOG] SystemI::createSoundInternal             : exinfo->fileuserdata       = 0x7fbb2bec2e88
[LOG] SystemI::createSoundInternal             : exinfo->initialseekpostype = 1
[LOG] SystemI::DSPCodecPoolRegister            : register codec pool for pool type 5
[LOG] SystemI::createSoundInternal             : Sample 0/1: name='Sticks_2 ST', format=2, channels=2, frequency=48000, lengthbytes=5696, lengthpcm=21208, pcmblocksize=0, loopstart=0, loopend=0, mode=0x00000000, channelmask=0x00000000, channelorder=0, peakvolume=0.135952.
[LOG] SystemI::createSound                     : filename = ../FMOD Session/4 Week Game/Build/Desktop/4 Week Game.bank : mode 02010082
[LOG] SystemI::createSound                     : FMOD_NONBLOCKING specified.  Putting into queue to be opened asynchronously!
[LOG] SystemI::createSound                     : setdata soundi = 0x7fbb2d0d7938 : node = 0x7fbb2d017d50
[LOG] SystemI::createSound                     : add node to async list : head = 0x7fbb2bce59a8.  list count = 0
[LOG] SystemI::createSound                     : filename = ../FMOD Session/4 Week Game/Build/Desktop/4 Week Game.bank : mode 02010082
[LOG] SystemI::createSound                     : FMOD_NONBLOCKING specified.  Putting into queue to be opened asynchronously!
[LOG] SystemI::createSound                     : setdata soundi = 0x7fbb2d0e6428 : node = 0x7fbb2d02d8f0
[LOG] SystemI::createSound                     : add node to async list : head = 0x7fbb2bce59a8.  list count = 0
[LOG] AsyncThread::threadFunc                  : Starting Asynchronous operation on sound 0x7fbb2d0d7938
[LOG] SystemI::createSoundInternal             :     Create name='../FMOD Session/4 Week Game/Build/Desktop/4 Week Game.bank', mode=0x02010082
[LOG] SystemI::createSoundInternal             :     exinfo->cbsize             = 224
[LOG] SystemI::createSoundInternal             :     exinfo->length             = 6989088
[LOG] SystemI::createSoundInternal             :     exinfo->fileoffset         = 61152
[LOG] SystemI::createSoundInternal             :     exinfo->numsubsounds       = 1
[LOG] SystemI::createSoundInternal             :     exinfo->inclusionlist      = 0x7fbb2d017e60
[LOG] SystemI::createSoundInternal             :     exinfo->inclusionlistnum   = 1
[LOG] SystemI::createSoundInternal             :     exinfo->suggestedsoundtype = 5
[LOG] SystemI::createSoundInternal             :     exinfo->initialseekpostype = 1
[LOG] SystemI::createSoundInternal             :     Stream 0/1: name='4WG_SD_Atmo_Day', format=2, channels=2, frequency=48000, lengthbytes=486944, lengthpcm=1814500, pcmblocksize=0, loopstart=0, loopend=0, mode=0x00000000, channelmask=0x00000000, channelorder=0, peakvolume=0.053558.
[LOG] AsyncThread::threadFunc                  : Finished Asynchronous operation on sound 0x7fbb2d0d7938
[LOG] AsyncThread::threadFunc                  : Starting Asynchronous operation on sound 0x7fbb2d0e6428
[LOG] SystemI::createSoundInternal             :     Create name='../FMOD Session/4 Week Game/Build/Desktop/4 Week Game.bank', mode=0x02010082
[LOG] SystemI::createSoundInternal             :     exinfo->cbsize             = 224
[LOG] SystemI::createSoundInternal             :     exinfo->length             = 6989088
[LOG] SystemI::createSoundInternal             :     exinfo->fileoffset         = 61152
[LOG] SystemI::createSoundInternal             :     exinfo->numsubsounds       = 1
[LOG] SystemI::createSoundInternal             :     exinfo->inclusionlist      = 0x7fbb2d02da00
[LOG] SystemI::createSoundInternal             :     exinfo->inclusionlistnum   = 1
[LOG] SystemI::createSoundInternal             :     exinfo->suggestedsoundtype = 5
[LOG] SystemI::createSoundInternal             :     exinfo->initialseekpostype = 1
[LOG] SystemI::createSoundInternal             :     Stream 0/1: name='4WG_SD_Atmo_Night', format=2, channels=2, frequency=48000, lengthbytes=530336, lengthpcm=1814500, pcmblocksize=0, loopstart=0, loopend=0, mode=0x00000000, channelmask=0x00000000, channelorder=0, peakvolume=0.044586.
[LOG] AsyncThread::threadFunc                  : Finished Asynchronous operation on sound 0x7fbb2d0e6428
[LOG] SoundI::getSubSound                      : sound 0x7fbb2d0d7938.  Subsound index 0 / 1
[LOG] SoundI::getSubSound                      : sound 0x7fbb2d0e6428.  Subsound index 0 / 1
[LOG] SoundI::release                          : 4WG_SD_Atmo_Night (0x7fbb2d3b7888)
[LOG] SoundI::release                          :     4WG_SD_Atmo_Night (0x7fbb2bc151b8)
[LOG] SoundI::release                          :     4WG_SD_Atmo_Night (0x7fbb2bc4e038)
[LOG] SoundI::release                          : 4WG_SD_Atmo_Day (0x7fbb2d6b5598)
[LOG] SoundI::release                          :     4WG_SD_Atmo_Day (0x7fbb2d0b2638)
[LOG] SoundI::release                          :     4WG_SD_Atmo_Day (0x7fbb2d064ef8)
[LOG] SystemI::createSound                     : filename = ../FMOD Session/4 Week Game/Build/Desktop/4 Week Game.bank : mode 02010082
[LOG] SystemI::createSound                     : FMOD_NONBLOCKING specified.  Putting into queue to be opened asynchronously!
[LOG] SystemI::createSound                     : setdata soundi = 0x7fbb2bec5378 : node = 0x7fbb2be62ab0
[LOG] SystemI::createSound                     : add node to async list : head = 0x7fbb2bce59a8.  list count = 0
[LOG] AsyncThread::threadFunc                  : Starting Asynchronous operation on sound 0x7fbb2bec5378
[LOG] SystemI::createSoundInternal             :     Create name='../FMOD Session/4 Week Game/Build/Desktop/4 Week Game.bank', mode=0x02010082
[LOG] SystemI::createSoundInternal             :     exinfo->cbsize             = 224
[LOG] SystemI::createSoundInternal             :     exinfo->length             = 6989088
[LOG] SystemI::createSound                     : filename = ../FMOD Session/4 Week Game/Build/Desktop/4 Week Game.bank : mode 02010082
[LOG] SystemI::createSoundInternal             :     exinfo->fileoffset         = 61152
[LOG] SystemI::createSoundInternal             :     exinfo->numsubsounds       = 1
[LOG] SystemI::createSoundInternal             :     exinfo->inclusionlist      = 0x7fbb2be62bc0
[LOG] SystemI::createSoundInternal             :     exinfo->inclusionlistnum   = 1
[LOG] SystemI::createSoundInternal             :     exinfo->suggestedsoundtype = 5
[LOG] SystemI::createSound                     :     FMOD_NONBLOCKING specified.  Putting into queue to be opened asynchronously!
[LOG] SystemI::createSoundInternal             :     exinfo->initialseekpostype = 1
[LOG] SystemI::createSound                     :     setdata soundi = 0x7fbb2be3be08 : node = 0x7fbb2bea36d0
[LOG] SystemI::createSound                     :     add node to async list : head = 0x7fbb2bce59a8.  list count = 0
[LOG] SystemI::createSoundInternal             :     Stream 0/1: name='Arp Main 3', format=2, channels=2, frequency=48000, lengthbytes=327264, lengthpcm=1481143, pcmblocksize=0, loopstart=0, loopend=0, mode=0x00000000, channelmask=0x00000000, channelorder=0, peakvolume=0.255722.
[LOG] AsyncThread::threadFunc                  : Finished Asynchronous operation on sound 0x7fbb2bec5378
[LOG] AsyncThread::threadFunc                  : Starting Asynchronous operation on sound 0x7fbb2be3be08
[LOG] SystemI::createSoundInternal             :     Create name='../FMOD Session/4 Week Game/Build/Desktop/4 Week Game.bank', mode=0x02010082
[LOG] SystemI::createSoundInternal             :     exinfo->cbsize             = 224
[LOG] SystemI::createSoundInternal             :     exinfo->length             = 6989088
[LOG] SystemI::createSoundInternal             :     exinfo->fileoffset         = 61152
[LOG] SystemI::createSoundInternal             :     exinfo->numsubsounds       = 1
[LOG] SystemI::createSoundInternal             :     exinfo->inclusionlist      = 0x7fbb2bea37e0
[LOG] SystemI::createSoundInternal             :     exinfo->inclusionlistnum   = 1
[LOG] SystemI::createSoundInternal             :     exinfo->suggestedsoundtype = 5
[LOG] SystemI::createSoundInternal             :     exinfo->initialseekposition = 20574
[LOG] SystemI::createSoundInternal             :     exinfo->initialseekpostype = 1
[LOG] SystemI::createSoundInternal             :     Stream 0/1: name='Main Theme', format=2, channels=2, frequency=48000, lengthbytes=531424, lengthpcm=2468571, pcmblocksize=0, loopstart=0, loopend=0, mode=0x00000000, channelmask=0x00000000, channelorder=0, peakvolume=0.502843.
[LOG] AsyncThread::threadFunc                  : Finished Asynchronous operation on sound 0x7fbb2be3be08
[LOG] SoundI::getSubSound                      : sound 0x7fbb2bec5378.  Subsound index 0 / 1
[LOG] SoundI::getSubSound                      : sound 0x7fbb2be3be08.  Subsound index 0 / 1
[LOG] SoundI::release                          : Main Theme (0x7fbb2d077028)
[LOG] SoundI::release                          :     Main Theme (0x7fbb2d32ea08)
[LOG] SoundI::release                          :     Main Theme (0x7fbb2d3346a8)
[LOG] SoundI::release                          : Arp Main 1 (0x7fbb2d00f2f8)
[LOG] SoundI::release                          :     Arp Main 1 (0x7fbb2bfdbaa8)
[LOG] SoundI::release                          :     Arp Main 1 (0x7fbb2bf0e078)
[LOG] AsyncThread::threadFunc                  : Starting Asynchronous operation on sound 0x7fbb2721a988
[LOG] AsyncThread::threadFunc                  : Finished Asynchronous operation on sound 0x7fbb2721a988
[LOG] SystemI::createSound                     : filename = ../FMOD Session/4 Week Game/Build/Desktop/4 Week Game.bank : mode 02010082
[LOG] SystemI::createSound                     : FMOD_NONBLOCKING specified.  Putting into queue to be opened asynchronously!
[LOG] SystemI::createSound                     : setdata soundi = 0x7fbb2beaf6c8 : node = 0x7fbb2bee0d70
[LOG] SystemI::createSound                     : add node to async list : head = 0x7fbb2bce59a8.  list count = 0
[LOG] AsyncThread::threadFunc                  : Starting Asynchronous operation on sound 0x7fbb2beaf6c8
[LOG] SystemI::createSoundInternal             :     Create name='../FMOD Session/4 Week Game/Build/Desktop/4 Week Game.bank', mode=0x02010082
[LOG] SystemI::createSoundInternal             :     exinfo->cbsize             = 224
[LOG] SystemI::createSoundInternal             :     exinfo->length             = 6989088
[LOG] SystemI::createSoundInternal             :     exinfo->fileoffset         = 61152
[LOG] SystemI::createSoundInternal             :     exinfo->numsubsounds       = 1
[LOG] SystemI::createSoundInternal             :     exinfo->inclusionlist      = 0x7fbb2bee0e80
[LOG] SystemI::createSoundInternal             :     exinfo->inclusionlistnum   = 1
[LOG] SystemI::createSoundInternal             :     exinfo->suggestedsoundtype = 5
[LOG] SystemI::createSoundInternal             :     exinfo->initialseekposition = 6
[LOG] SystemI::createSoundInternal             :     exinfo->initialseekpostype = 1
[LOG] SystemI::createSoundInternal             :     Stream 0/1: name='Main Theme Fade', format=2, channels=2, frequency=48000, lengthbytes=171904, lengthpcm=740571, pcmblocksize=0, loopstart=0, loopend=0, mode=0x00000000, channelmask=0x00000000, channelorder=0, peakvolume=0.390071.
[LOG] AsyncThread::threadFunc                  : Finished Asynchronous operation on sound 0x7fbb2beaf6c8
[LOG] SoundI::getSubSound                      : sound 0x7fbb2beaf6c8.  Subsound index 0 / 1
[LOG] SoundI::release                          : Main Theme (0x7fbb2be3be08)
[LOG] SoundI::release                          :     Main Theme (0x7fbb2bed2168)
[LOG] SoundI::release                          :     Main Theme (0x7fbb2bef4cd8)
[LOG] SoundI::release                          : Arp Main 3 (0x7fbb2bec5378)
[LOG] SoundI::release                          :     Arp Main 3 (0x7fbb2bcdc618)
[LOG] SoundI::release                          :     Arp Main 3 (0x7fbb2bc4e038)
[LOG] SystemI::createSound                     : filename = ../FMOD Session/4 Week Game/Build/Desktop/4 Week Game.bank : mode 02010082
[LOG] SystemI::createSound                     : FMOD_NONBLOCKING specified.  Putting into queue to be opened asynchronously!
[LOG] SystemI::createSound                     : setdata soundi = 0x7fbb2bcf55f8 : node = 0x7fbb2bcf6240
[LOG] SystemI::createSound                     : add node to async list : head = 0x7fbb2bce59a8.  list count = 0
[LOG] SystemI::createSound                     : filename = ../FMOD Session/4 Week Game/Build/Desktop/4 Week Game.bank : mode 02010082
[LOG] SystemI::createSound                     : FMOD_NONBLOCKING specified.  Putting into queue to be opened asynchronously!
[LOG] SystemI::createSound                     : setdata soundi = 0x7fbb2bc6f1b8 : node = 0x7fbb2bc85850
[LOG] SystemI::createSound                     : add node to async list : head = 0x7fbb2bce59a8.  list count = 1
[LOG] AsyncThread::threadFunc                  : Starting Asynchronous operation on sound 0x7fbb2bcf55f8
[LOG] SystemI::createSoundInternal             :     Create name='../FMOD Session/4 Week Game/Build/Desktop/4 Week Game.bank', mode=0x02010082
[LOG] SystemI::createSoundInternal             :     exinfo->cbsize             = 224
[LOG] SystemI::createSoundInternal             :     exinfo->length             = 6989088
[LOG] SystemI::createSoundInternal             :     exinfo->fileoffset         = 61152
[LOG] SystemI::createSoundInternal             :     exinfo->numsubsounds       = 1
[LOG] SystemI::createSoundInternal             :     exinfo->inclusionlist      = 0x7fbb2bcf6350
[LOG] SystemI::createSoundInternal             :     exinfo->inclusionlistnum   = 1
[LOG] SystemI::createSoundInternal             :     exinfo->suggestedsoundtype = 5
[LOG] SystemI::createSoundInternal             :     exinfo->initialseekpostype = 1
[LOG] SystemI::createSoundInternal             :     Stream 0/1: name='4WG_SD_Atmo_Day', format=2, channels=2, frequency=48000, lengthbytes=486944, lengthpcm=1814500, pcmblocksize=0, loopstart=0, loopend=0, mode=0x00000000, channelmask=0x00000000, channelorder=0, peakvolume=0.053558.
[LOG] AsyncThread::threadFunc                  : Finished Asynchronous operation on sound 0x7fbb2bcf55f8
[LOG] AsyncThread::threadFunc                  : Starting Asynchronous operation on sound 0x7fbb2bc6f1b8
[LOG] SystemI::createSoundInternal             :     Create name='../FMOD Session/4 Week Game/Build/Desktop/4 Week Game.bank', mode=0x02010082
[LOG] SystemI::createSoundInternal             :     exinfo->cbsize             = 224
[LOG] SystemI::createSoundInternal             :     exinfo->length             = 6989088
[LOG] SystemI::createSoundInternal             :     exinfo->fileoffset         = 61152
[LOG] SystemI::createSoundInternal             :     exinfo->numsubsounds       = 1
[LOG] SystemI::createSoundInternal             :     exinfo->inclusionlist      = 0x7fbb2bc85960
[LOG] SystemI::createSoundInternal             :     exinfo->inclusionlistnum   = 1
[LOG] SystemI::createSoundInternal             :     exinfo->suggestedsoundtype = 5
[LOG] SystemI::createSoundInternal             :     exinfo->initialseekpostype = 1
[LOG] SystemI::createSoundInternal             :     Stream 0/1: name='4WG_SD_Atmo_Night', format=2, channels=2, frequency=48000, lengthbytes=530336, lengthpcm=1814500, pcmblocksize=0, loopstart=0, loopend=0, mode=0x00000000, channelmask=0x00000000, channelorder=0, peakvolume=0.044586.
[LOG] AsyncThread::threadFunc                  : Finished Asynchronous operation on sound 0x7fbb2bc6f1b8
[LOG] SoundI::getSubSound                      : sound 0x7fbb2bcf55f8.  Subsound index 0 / 1
[LOG] SoundI::getSubSound                      : sound 0x7fbb2bc6f1b8.  Subsound index 0 / 1
[LOG] SoundI::release                          : 4WG_SD_Atmo_Night (0x7fbb2d0e6428)
[LOG] SoundI::release                          :     4WG_SD_Atmo_Night (0x7fbb2bced488)
[LOG] SoundI::release                          :     4WG_SD_Atmo_Night (0x7fbb2bc8eda8)
[LOG] SoundI::release                          : 4WG_SD_Atmo_Day (0x7fbb2d0d7938)
[LOG] SoundI::release                          :     4WG_SD_Atmo_Day (0x7fbb2720d1b8)
[LOG] SoundI::release                          :     4WG_SD_Atmo_Day (0x7fbb2721a988)
[LOG] SoundI::release                          :  (0x7fbb2bf9ef58)
[LOG] SoundI::release                          :     4WG_SD_Enemy_Skull2 (0x7fbb2bfd8728)
[LOG] SoundI::release                          :  (0x7fbb2bee7e28)
[LOG] SoundI::release                          :     Sticks_2 ST (0x7fbb2bee7f98)
[LOG] SoundI::release                          :  (0x7fbb2bc48fc8)
[LOG] SoundI::release                          :     4WG_SD_EnemyDestroy_4 (0x7fbb2bc49138)
[LOG] SoundI::release                          :  (0x7fbb2bc4a7c8)
[LOG] SoundI::release                          :     4WG_SD_EnemyDestroy_5 (0x7fbb2bc4a938)
[LOG] SoundI::release                          :  (0x7fbb2bc4ac78)
[LOG] SoundI::release                          :     4WG_SD_EnemyDestroy_6 (0x7fbb2bc479c8)
[LOG] SoundI::release                          :  (0x7fbb2d319388)
[LOG] SoundI::release                          :     4WG_SD_Crates (0x7fbb2d34cc88)
[LOG] SoundI::release                          :  (0x7fbb2d0d0488)
[LOG] SoundI::release                          :     4WG_SD_Ricochet (0x7fbb2d02cda8)
[LOG] SoundI::release                          :  (0x7fbb2d54ca18)
[LOG] SoundI::release                          :     Coin (0x7fbb2d59c948)
[LOG] SoundI::release                          :  (0x7fbb2d69d268)
[LOG] SoundI::release                          :     Land (0x7fbb2d68f3b8)
[LOG] SoundI::release                          :  (0x7fbb2d6ac288)
[LOG] SoundI::release                          :     Night Theme Fade (0x7fbb2d69c3a8)
[LOG] SoundI::release                          :  (0x7fbb2d3243f8)
[LOG] SoundI::release                          :     4WG_SD_Wasserfall1 (0x7fbb2d3f2e78)
[LOG] SoundI::release                          :  (0x7fbb2bfc0a58)
[LOG] SoundI::release                          :     4WG_SD_Enemy_Robot3 (0x7fbb2bfdb8a8)
[LOG] SoundI::release                          :  (0x7fbb2d3b1408)
[LOG] SoundI::release                          :     4WG_SD_Enemy_DoorOpen (0x7fbb2d3a8af8)
[LOG] SoundI::release                          :  (0x7fbb2d6805c8)
[LOG] SoundI::release                          :     Door Opens (0x7fbb2d6cc738)
[LOG] SoundI::release                          :  (0x7fbb2d34e1c8)
[LOG] SoundI::release                          :     Jump (0x7fbb2d33e1f8)
[LOG] SoundI::release                          :  (0x7fbb2d39d3f8)
[LOG] SoundI::release                          :     Coins (0x7fbb2d39cc88)
[LOG] SoundI::release                          :  (0x7fbb2bcb9318)
[LOG] SoundI::release                          :     Bouncer (0x7fbb2bc34648)
[LOG] SoundI::release                          :  (0x7fbb2bc32748)
[LOG] SoundI::release                          :     4WG_SD_Enemy_Bouncer (0x7fbb2bcdf968)
[LOG] SoundI::release                          :  (0x7fbb2d6f89c8)
[LOG] SoundI::release                          :     GrassStep1 (0x7fbb2d6d3528)
[LOG] SoundI::release                          :  (0x7fbb2d637338)
[LOG] SoundI::release                          :     GrassStep2 (0x7fbb2d61b8b8)
[LOG] SoundI::release                          :  (0x7fbb2d6cd298)
[LOG] SoundI::release                          :     4WG_SD_Player_Gunshot (0x7fbb2d6cb6a8)
[LOG] SoundI::release                          :  (0x7fbb2d393c18)
[LOG] SoundI::release                          :     Hurt (0x7fbb2d393058)
[LOG] SoundI::release                          :  (0x7fbb2d38c768)
[LOG] SoundI::release                          :     4WG_SD_Enemy_Square_1 (0x7fbb2d383d88)
[LOG] SoundI::release                          :  (0x7fbb2bfe8de8)
[LOG] SoundI::release                          :     Key (2) (0x7fbb2bfdee48)
[LOG] SoundI::release                          :  (0x7fbb2d52c8e8)
[LOG] SoundI::release                          :     Dead (0x7fbb2d647498)
[LOG] SoundI::release                          :  (0x7fbb2d361e98)
[LOG] SoundI::release                          :     4WG_SD_Elevator (0x7fbb2d3663a8)
[LOG] SoundI::release                          : 4WG_SD_Atmo_Night (0x7fbb2bc6f1b8)
[LOG] SoundI::release                          :     4WG_SD_Atmo_Night (0x7fbb2bf42af8)
[LOG] SoundI::release                          :     4WG_SD_Atmo_Night (0x7fbb2bf0e078)
[LOG] SoundI::release                          : 4WG_SD_Atmo_Day (0x7fbb2bcf55f8)
[LOG] SoundI::release                          :     4WG_SD_Atmo_Day (0x7fbb2bfdbaa8)
[LOG] SoundI::release                          :     4WG_SD_Atmo_Day (0x7fbb2d6b5598)
[LOG] SoundI::release                          : Main Theme Fade (0x7fbb2beaf6c8)
[LOG] SoundI::release                          :     Main Theme Fade (0x7fbb2bc63d78)
[LOG] SoundI::release                          :     Main Theme Fade (0x7fbb2bc14928)
[LOG] SoundI::release                          :  (0x7fbb2d3c0578)
[LOG] SoundI::release                          :     4WG_SD_Lava (0x7fbb2d3bb1d8)
[LOG] SoundI::release                          :  (0x7fbb2d6173a8)
[LOG] SoundI::release                          :     4WG_SD_Enemy_Arrow (0x7fbb2d3833a8)
[LOG] SoundI::release                          :  (0x7fbb2d313bb8)
[LOG] SoundI::release                          :     Collect (0x7fbb2bfad0b8)
[LOG] SoundI::release                          :  (0x7fbb2bf26948)
[LOG] SoundI::release                          :     Crate_1 (0x7fbb2bf14868)
[LOG] SoundI::release                          :  (0x7fbb2d5ed9a8)
[LOG] SoundI::release                          :     Crate_2 (0x7fbb2d66d778)
[LOG] SoundI::release                          :  (0x7fbb2d388288)
[LOG] SoundI::release                          :     Crate_3 (0x7fbb2d358de8)
[LOG] SoundI::release                          :  (0x7fbb2d3979d8)
[LOG] SoundI::release                          :     Crate_4 (0x7fbb2d396808)
[LOG] SoundI::release                          :  (0x7fbb2d6c4ad8)
[LOG] SoundI::release                          :     Crate_5 (0x7fbb2d6f65e8)
[LOG] SoundI::release                          :  (0x7fbb2d381198)
[LOG] SoundI::release                          :     4WG_SD_Enemy_CratesMoving (0x7fbb2d358328)
[LOG] SoundI::release                          :  (0x7fbb2d49e708)
[LOG] SoundI::release                          :     snd_bomb_ignite (0x7fbb2d0faa88)
[LOG] SoundI::release                          :  (0x7fbb2ea3f0b8)
[LOG] SoundI::release                          :     snd_explode (0x7fbb2d00aaa8)
[LOG] SoundI::release                          :  (0x7fbb2bfa2108)
[LOG] SoundI::release                          :     snd_splash_1 (0x7fbb2d2c4c18)
[LOG] SoundI::release                          :  (0x7fbb2d2132c8)
[LOG] SoundI::release                          :     Splash_1 (0x7fbb2bf24398)
[LOG] SoundI::release                          :  (0x7fbb2d60b648)
[LOG] SoundI::release                          :     Splash_2 (0x7fbb2bfe0d08)
[LOG] SoundI::release                          :  (0x7fbb2d2a3ef8)
[LOG] SoundI::release                          :     Splash_3 (0x7fbb2d328c68)
[LOG] Thread::callback                         : FMOD Studio update thread finished.
[LOG] Thread::callback                         : FMOD Studio bank load thread finished.
[LOG] Profile::disconnectAll                   : Profiler disconnecting all clients
[LOG] Thread::callback                         : FMOD Studio sample load thread finished.
[LOG] LiveUpdate::release                      : 
[LOG] LiveUpdate::reset                        : Reset connection (reason Disconnected)
[LOG] Thread::callback                         : FMOD stream thread finished.
[LOG] Thread::callback                         : FMOD mixer thread finished.
[LOG] Profile::disconnectAll                   : Profiler disconnecting all clients
[LOG] SystemI::close                           : Closed.
[LOG] Manager::readBank                        : fileversion = 125, compatVersion = 119 (oldest = 44, newest = 125)
[LOG] Manager::readBank                        : fileversion = 125, compatVersion = 119 (oldest = 44, newest = 125)
[LOG] Manager::readBank                        : fileversion = 125, compatVersion = 119 (oldest = 44, newest = 125)
[LOG] PlaybackSystem::acquireMasterBus         : Setting master channel group format to 6
[LOG] Thread::callback                         : FMOD Studio bank load thread finished.
[LOG] Thread::callback                         : FMOD Studio sample load thread finished.
[LOG] LiveUpdate::release                      : 
[LOG] LiveUpdate::reset                        : Reset connection (reason Disconnected)
[LOG] Thread::callback                         : FMOD stream thread finished.
[LOG] Thread::callback                         : FMOD mixer thread finished.
[LOG] Thread::callback                         : FMOD nonblocking thread (0) finished.
[LOG] Thread::callback                         : FMOD file thread finished.
[LOG] SystemI::close                           : Closed.
